16:52:36.995 [main] INFO  de.htwg.se.Shogi.aview.Tui - Captured: 
    0     1     2     3     4     5     6     7     8 
 
---------------------------------------------------------
 |     |     |     |     |     |     |     |     |     | 	a
---------------------------------------------------------
 |     |     |     |     |     |     |     |     |     | 	b
---------------------------------------------------------
 |     |     |     |     |     |     |     |     |     | 	c
---------------------------------------------------------
 |     |     |     |     |     |     |     |     |     | 	d
---------------------------------------------------------
 |     |     |     |     |     |     |     |     |     | 	e
---------------------------------------------------------
 |     |     |     |     |     |     |     |     |     | 	f
---------------------------------------------------------
 |     |     |     |     |     |     |     |     |     | 	g
---------------------------------------------------------
 |     |     |     |     |     |     |     |     |     | 	h
---------------------------------------------------------
 |     |     |     |     |     |     |     |     |     | 	i
---------------------------------------------------------
Captured: 

16:52:36.999 [main] INFO  de.htwg.se.Shogi.aview.Tui - q: quit
------
n: new
------

